{"C:\\Users\\LENOVO\\Documents\\Archivos backup\\pruebas\\Meli\\back\\src\\calc.ts": {"path":"C:\\Users\\LENOVO\\Documents\\Archivos backup\\pruebas\\Meli\\back\\src\\calc.ts","statementMap":{"0":{"start":{"line":1,"column":0},"end":{"line":1,"column":13}},"1":{"start":{"line":2,"column":4},"end":{"line":4,"column":null}},"2":{"start":{"line":3,"column":6},"end":{"line":3,"column":null}},"3":{"start":{"line":5,"column":3},"end":{"line":5,"column":null}},"4":{"start":{"line":1,"column":13},"end":{"line":1,"column":17}}},"fnMap":{"0":{"name":"(anonymous_0)","decl":{"start":{"line":1,"column":0},"end":{"line":1,"column":13}},"loc":{"start":{"line":1,"column":0},"end":{"line":5,"column":null}}},"1":{"name":"(anonymous_2)","decl":{"start":{"line":2,"column":4},"end":{"line":2,"column":7}},"loc":{"start":{"line":2,"column":29},"end":{"line":4,"column":5}}}},"branchMap":{},"s":{"0":1,"1":1,"2":2,"3":1,"4":1},"f":{"0":3,"1":2},"b":{}}
}
